[INFO] Scanning for projects...
[WARNING] 
[WARNING] Some problems were encountered while building the effective model for com.javaee7.wildfly:ejb-remote:jar:0.0.1-SNAPSHOT
[WARNING] 'build.plugins.plugin.version' for org.apache.maven.plugins:maven-surefire-plugin is missing. @ line 34, column 21
[WARNING] 'build.plugins.plugin.version' for org.apache.maven.plugins:maven-failsafe-plugin is missing. @ line 55, column 21
[WARNING] 'build.plugins.plugin.version' for org.codehaus.mojo:build-helper-maven-plugin is missing. @ line 72, column 21
[WARNING] 
[WARNING] It is highly recommended to fix these problems because they threaten the stability of your build.
[WARNING] 
[WARNING] For this reason, future Maven versions might no longer support building such malformed projects.
[WARNING] 
[INFO] 
[INFO] -------------------< com.javaee7.wildfly:ejb-remote >-------------------
[INFO] Building ejb-remote 0.0.1-SNAPSHOT
[INFO] --------------------------------[ jar ]---------------------------------
[INFO] 
[INFO] --- maven-clean-plugin:2.5:clean (default-clean) @ ejb-remote ---
[INFO] Deleting C:\Users\meynier\data\git\java\EJB-Remote\target
[INFO] 
[INFO] --- maven-resources-plugin:3.0.2:copy-resources (copy-resources) @ ejb-remote ---
[INFO] Using 'UTF-8' encoding to copy filtered resources.
[INFO] Copying 1 resource
[INFO] 
[INFO] --- maven-resources-plugin:3.0.2:resources (default-resources) @ ejb-remote ---
[INFO] Using 'UTF-8' encoding to copy filtered resources.
[INFO] skip non existing resourceDirectory C:\Users\meynier\data\git\java\EJB-Remote\src\main\resources
[INFO] 
[INFO] --- build-helper-maven-plugin:3.0.0:add-test-source (add-test-source) @ ejb-remote ---
[INFO] Test Source directory: C:\Users\meynier\data\git\java\EJB-Remote\src\it\java added.
[INFO] 
[INFO] --- build-helper-maven-plugin:3.0.0:add-test-resource (add-test-source) @ ejb-remote ---
[INFO] 
[INFO] --- maven-compiler-plugin:3.1:compile (default-compile) @ ejb-remote ---
[INFO] Changes detected - recompiling the module!
[INFO] Compiling 6 source files to C:\Users\meynier\data\git\java\EJB-Remote\target\classes
[WARNING] /C:/Users/meynier/data/git/java/EJB-Remote/src/main/java/com/javaee7/wildfly/server/client/utils/JndiConfiguration.java: Some input files use unchecked or unsafe operations.
[WARNING] /C:/Users/meynier/data/git/java/EJB-Remote/src/main/java/com/javaee7/wildfly/server/client/utils/JndiConfiguration.java: Recompile with -Xlint:unchecked for details.
[INFO] 
[INFO] --- maven-resources-plugin:3.0.2:testResources (default-testResources) @ ejb-remote ---
[INFO] Using 'UTF-8' encoding to copy filtered resources.
[INFO] Copying 2 resources
[INFO] Copying 1 resource
[INFO] 
[INFO] --- maven-compiler-plugin:3.1:testCompile (default-testCompile) @ ejb-remote ---
[INFO] Changes detected - recompiling the module!
[INFO] Compiling 3 source files to C:\Users\meynier\data\git\java\EJB-Remote\target\test-classes
[INFO] 
[INFO] --- maven-dependency-plugin:2.8:unpack (unpack) @ ejb-remote ---
[INFO] Configured Artifact: org.wildfly:wildfly-dist:8.2.1.Final:zip
[INFO] Configured Artifact: org.wildfly:wildfly-dist:8.2.1.Final:zip
[INFO] Unpacking C:\Personal_Unsaved\data\.m2\repository\org\wildfly\wildfly-dist\8.2.1.Final\wildfly-dist-8.2.1.Final.zip to C:\Users\meynier\data\git\java\EJB-Remote\target\node1 with includes "" and excludes ""
[INFO] Unpacking C:\Personal_Unsaved\data\.m2\repository\org\wildfly\wildfly-dist\8.2.1.Final\wildfly-dist-8.2.1.Final.zip to C:\Users\meynier\data\git\java\EJB-Remote\target\node2 with includes "" and excludes ""
[INFO] 
[INFO] --- maven-surefire-plugin:2.12.4:test (default-test) @ ejb-remote ---
[INFO] Surefire report directory: C:\Users\meynier\data\git\java\EJB-Remote\target\surefire-reports

-------------------------------------------------------
 T E S T S
-------------------------------------------------------
Running com.javaee7.wildfly.server.RemoteClientWithFileTest
19:16:27,582 INFO  [org.jboss.modules] (main) JBoss Modules version 1.3.3.Final
19:16:27,850 INFO  [org.jboss.msc] (main) JBoss MSC version 1.2.2.Final
19:16:27,921 INFO  [org.jboss.as] (MSC service thread 1-7) JBAS015899: WildFly 8.2.1.Final "Tweek" starting
19:16:29,436 INFO  [org.jboss.as.server] (Controller Boot Thread) JBAS015888: Creating http management service using socket-binding (management-http)
19:16:29,456 INFO  [org.xnio] (MSC service thread 1-5) XNIO version 3.3.0.Final
19:16:29,464 INFO  [org.xnio.nio] (MSC service thread 1-5) XNIO NIO Implementation Version 3.3.0.Final
19:16:29,539 INFO  [org.jboss.as.webservices] (ServerService Thread Pool -- 48) JBAS015537: Activating WebServices Extension
19:16:29,545 WARN  [org.jboss.as.txn] (ServerService Thread Pool -- 46) JBAS010153: Node identifier property is set to the default value. Please make sure it is unique.
19:16:29,561 INFO  [org.jboss.as.security] (ServerService Thread Pool -- 45) JBAS013171: Activating Security Subsystem
19:16:29,588 INFO  [org.wildfly.extension.undertow] (ServerService Thread Pool -- 47) JBAS017502: Undertow 1.1.8.Final starting
19:16:29,594 INFO  [org.jboss.as.security] (MSC service thread 1-4) JBAS013170: Current PicketBox version=4.0.21.Final
19:16:29,597 INFO  [org.jboss.as.naming] (ServerService Thread Pool -- 40) JBAS011800: Activating Naming Subsystem
19:16:29,599 INFO  [org.wildfly.extension.undertow] (MSC service thread 1-2) JBAS017502: Undertow 1.1.8.Final starting
19:16:29,624 INFO  [org.jboss.as.clustering.infinispan] (ServerService Thread Pool -- 32) JBAS010280: Activating Infinispan subsystem.
19:16:29,653 INFO  [org.wildfly.extension.io] (ServerService Thread Pool -- 31) WFLYIO001: Worker 'default' has auto-configured to 8 core threads with 64 task threads based on your 4 available processors
19:16:29,661 INFO  [org.jboss.as.jsf] (ServerService Thread Pool -- 38) JBAS012615: Activated the following JSF Implementations: [main]
19:16:29,678 INFO  [org.jboss.as.connector.logging] (MSC service thread 1-6) JBAS010408: Starting JCA Subsystem (IronJacamar 1.1.9.Final)
19:16:29,760 INFO  [org.jboss.as.connector.subsystems.datasources] (ServerService Thread Pool -- 27) JBAS010403: Deploying JDBC-compliant driver class org.h2.Driver (version 1.3)
19:16:29,792 INFO  [org.jboss.as.connector.deployers.jdbc] (MSC service thread 1-2) JBAS010417: Started Driver service with driver-name = h2
19:16:29,911 INFO  [org.jboss.as.naming] (MSC service thread 1-7) JBAS011802: Starting Naming Service
19:16:29,913 INFO  [org.jboss.as.mail.extension] (MSC service thread 1-2) JBAS015400: Bound mail session [java:jboss/mail/Default]
19:16:30,095 INFO  [org.wildfly.extension.undertow] (ServerService Thread Pool -- 47) JBAS017527: Creating file handler for path C:\Users\meynier\data\git\java\EJB-Remote\target\node2\wildfly-8.2.1.Final/welcome-content
19:16:30,199 INFO  [org.wildfly.extension.undertow] (MSC service thread 1-8) JBAS017525: Started server default-server.
19:16:30,217 INFO  [org.wildfly.extension.undertow] (MSC service thread 1-8) JBAS017531: Host default-host starting
19:16:30,213 INFO  [org.jboss.remoting] (MSC service thread 1-6) JBoss Remoting version 4.0.7.Final
19:16:30,277 INFO  [org.wildfly.extension.undertow] (MSC service thread 1-2) JBAS017519: Undertow HTTP listener default listening on /127.0.0.1:8080
19:16:30,357 INFO  [org.jboss.as.server.deployment.scanner] (MSC service thread 1-4) JBAS015012: Started FileSystemDeploymentService for directory C:\Users\meynier\data\git\java\EJB-Remote\target\node2\wildfly-8.2.1.Final\standalone\deployments
19:16:30,391 INFO  [org.jboss.as.connector.subsystems.datasources] (MSC service thread 1-8) JBAS010400: Bound data source [java:jboss/datasources/ExampleDS]
19:16:30,764 INFO  [org.jboss.ws.common.management] (MSC service thread 1-2) JBWS022052: Starting JBoss Web Services - Stack CXF Server 4.3.2.Final
19:16:30,855 INFO  [org.jboss.as] (Controller Boot Thread) JBAS015961: Http management interface listening on http://127.0.0.1:9990/management
19:16:30,856 INFO  [org.jboss.as] (Controller Boot Thread) JBAS015951: Admin console listening on http://127.0.0.1:9990
19:16:30,856 INFO  [org.jboss.as] (Controller Boot Thread) JBAS015874: WildFly 8.2.1.Final "Tweek" started in 3796ms - Started 188 of 238 services (84 services are lazy, passive or on-demand)
19:16:31,968 INFO  [org.jboss.as.repository] (management-handler-thread - 1) JBAS014900: Content added at location C:\Users\meynier\data\git\java\EJB-Remote\target\node2\wildfly-8.2.1.Final\standalone\data\content\2d\e91bab90329f9a56e38d123f3de1e10194b292\content
19:16:31,983 INFO  [org.jboss.as.server.deployment] (MSC service thread 1-3) JBAS015876: Starting deployment of "myApplication.war" (runtime-name: "myApplication.war")
19:16:32,512 INFO  [org.jboss.weld.deployer] (MSC service thread 1-6) JBAS016002: Processing weld deployment myApplication.war
19:16:32,575 INFO  [org.hibernate.validator.internal.util.Version] (MSC service thread 1-6) HV000001: Hibernate Validator 5.1.3.Final
19:16:32,647 INFO  [org.jboss.as.ejb3.deployment.processors.EjbJndiBindingsDeploymentUnitProcessor] (MSC service thread 1-6) JNDI bindings for session bean named Greeting in deployment unit deployment "myApplication.war" are as follows:

	java:global/myApplication/Greeting!com.javaee7.wildfly.server.stateless.RemoteGreeting
	java:app/myApplication/Greeting!com.javaee7.wildfly.server.stateless.RemoteGreeting
	java:module/Greeting!com.javaee7.wildfly.server.stateless.RemoteGreeting
	java:jboss/exported/myApplication/Greeting!com.javaee7.wildfly.server.stateless.RemoteGreeting
	java:global/myApplication/Greeting
	java:app/myApplication/Greeting
	java:module/Greeting

19:16:32,648 INFO  [org.jboss.as.ejb3.deployment.processors.EjbJndiBindingsDeploymentUnitProcessor] (MSC service thread 1-6) JNDI bindings for session bean named Counter in deployment unit deployment "myApplication.war" are as follows:

	java:global/myApplication/Counter!com.javaee7.wildfly.server.statefull.RemoteCounter
	java:app/myApplication/Counter!com.javaee7.wildfly.server.statefull.RemoteCounter
	java:module/Counter!com.javaee7.wildfly.server.statefull.RemoteCounter
	java:jboss/exported/myApplication/Counter!com.javaee7.wildfly.server.statefull.RemoteCounter
	java:global/myApplication/Counter
	java:app/myApplication/Counter
	java:module/Counter

19:16:32,847 INFO  [org.jboss.weld.deployer] (MSC service thread 1-4) JBAS016005: Starting Services for CDI deployment: myApplication.war
19:16:32,879 INFO  [org.jboss.weld.Version] (MSC service thread 1-4) WELD-000900: 2.2.6 (Final)
19:16:32,915 INFO  [org.jboss.weld.deployer] (MSC service thread 1-3) JBAS016008: Starting weld service for deployment myApplication.war
19:16:33,909 INFO  [org.wildfly.extension.undertow] (MSC service thread 1-5) JBAS017534: Registered web context: /myApplication
19:16:33,991 INFO  [org.jboss.as.server] (management-handler-thread - 1) JBAS018559: Deployed "myApplication.war" (runtime-name : "myApplication.war")
19:16:36,387 INFO  [org.wildfly.extension.undertow] (MSC service thread 1-8) JBAS017535: Unregistered web context: /myApplication
19:16:36,398 INFO  [org.jboss.weld.deployer] (MSC service thread 1-2) JBAS016009: Stopping weld service for deployment myApplication.war
19:16:36,473 INFO  [org.jboss.as.server.deployment] (MSC service thread 1-3) JBAS015877: Stopped deployment myApplication.war (runtime-name: myApplication.war) in 90ms
19:16:36,510 INFO  [org.jboss.as.repository] (management-handler-thread - 1) JBAS014901: Content removed from location C:\Users\meynier\data\git\java\EJB-Remote\target\node2\wildfly-8.2.1.Final\standalone\data\content\2d\e91bab90329f9a56e38d123f3de1e10194b292\content
19:16:36,511 INFO  [org.jboss.as.server] (management-handler-thread - 1) JBAS018558: Undeployed "myApplication.war" (runtime-name: "myApplication.war")
Tests run: 2, Failures: 0, Errors: 0, Skipped: 0, Time elapsed: 11.37 sec
19:16:36,540 INFO  [org.wildfly.extension.undertow] (MSC service thread 1-2) JBAS017521: Undertow HTTP listener default suspending
19:16:36,544 INFO  [org.wildfly.extension.undertow] (MSC service thread 1-2) JBAS017520: Undertow HTTP listener default stopped, was bound to /127.0.0.1:8080
19:16:36,547 INFO  [org.jboss.as.connector.subsystems.datasources] (MSC service thread 1-6) JBAS010409: Unbound data source [java:jboss/datasources/ExampleDS]
19:16:36,548 INFO  [org.wildfly.extension.undertow] (MSC service thread 1-6) JBAS017532: Host default-host stopping
19:16:36,565 INFO  [org.wildfly.extension.undertow] (MSC service thread 1-6) JBAS017506: Undertow 1.1.8.Final stopping
19:16:36,573 INFO  [org.jboss.as.connector.deployers.jdbc] (MSC service thread 1-3) JBAS010418: Stopped Driver service with driver-name = h2
19:16:36,596 INFO  [org.jboss.as] (MSC service thread 1-8) JBAS015950: WildFly 8.2.1.Final "Tweek" stopped in 49ms
Java HotSpot(TM) 64-Bit Server VM warning: ignoring option MaxPermSize=256m; support was removed in 8.0

Results :

Tests run: 2, Failures: 0, Errors: 0, Skipped: 0

[INFO] 
[INFO] --- maven-jar-plugin:2.4:jar (default-jar) @ ejb-remote ---
[INFO] Building jar: C:\Users\meynier\data\git\java\EJB-Remote\target\ejb-remote-0.0.1-SNAPSHOT.jar
[INFO] 
[INFO] --- maven-failsafe-plugin:3.0.0-M3:integration-test (run-integration-test) @ ejb-remote ---
[INFO] 
[INFO] -------------------------------------------------------
[INFO]  T E S T S
[INFO] -------------------------------------------------------
[INFO] Running com.javaee7.wildfly.server.ProgrammaticClientIT
[ERROR] Tests run: 1, Failures: 0, Errors: 1, Skipped: 0, Time elapsed: 1.616 s <<< FAILURE! - in com.javaee7.wildfly.server.ProgrammaticClientIT
[ERROR] com.javaee7.wildfly.server.ProgrammaticClientIT  Time elapsed: 1.613 s  <<< ERROR!
org.jboss.arquillian.container.spi.client.container.LifecycleException: Could not start container
Caused by: java.lang.NullPointerException

[INFO] Running com.javaee7.wildfly.server.WildflyToWildflyIT
[ERROR] Tests run: 1, Failures: 0, Errors: 1, Skipped: 0, Time elapsed: 0.001 s <<< FAILURE! - in com.javaee7.wildfly.server.WildflyToWildflyIT
[ERROR] com.javaee7.wildfly.server.WildflyToWildflyIT  Time elapsed: 0.001 s  <<< ERROR!
java.lang.RuntimeException: Arquillian initialization has already been attempted, but failed. See previous exceptions for cause
Caused by: org.jboss.arquillian.container.spi.client.container.LifecycleException: Could not start container
Caused by: java.lang.NullPointerException

[INFO] 
[INFO] Results:
[INFO] 
[ERROR] Errors: 
[ERROR]   ProgrammaticClientIT.com.javaee7.wildfly.server.ProgrammaticClientIT » Lifecycle
[ERROR]   WildflyToWildflyIT.com.javaee7.wildfly.server.WildflyToWildflyIT » Runtime Arq...
[INFO] 
[ERROR] Tests run: 2, Failures: 0, Errors: 2, Skipped: 0
[INFO] 
[INFO] 
[INFO] --- maven-failsafe-plugin:3.0.0-M3:verify (run-integration-test) @ ejb-remote ---
[INFO] ------------------------------------------------------------------------
[INFO] BUILD FAILURE
[INFO] ------------------------------------------------------------------------
[INFO] Total time: 43.502 s
[INFO] Finished at: 2018-12-28T19:16:40+01:00
[INFO] ------------------------------------------------------------------------
[ERROR] Failed to execute goal org.apache.maven.plugins:maven-failsafe-plugin:3.0.0-M3:verify (run-integration-test) on project ejb-remote: There are test failures.
[ERROR] 
[ERROR] Please refer to C:\Users\meynier\data\git\java\EJB-Remote\target\failsafe-reports for the individual test results.
[ERROR] Please refer to dump files (if any exist) [date].dump, [date]-jvmRun[N].dump and [date].dumpstream.
[ERROR] -> [Help 1]
[ERROR] 
[ERROR] To see the full stack trace of the errors, re-run Maven with the -e switch.
[ERROR] Re-run Maven using the -X switch to enable full debug logging.
[ERROR] 
[ERROR] For more information about the errors and possible solutions, please read the following articles:
[ERROR] [Help 1] http://cwiki.apache.org/confluence/display/MAVEN/MojoFailureException
